2024-09-15 16:54:51.720 [info] [main] Log level: Info
2024-09-15 16:54:51.720 [info] [main] Validating found git in: "git"
2024-09-15 16:54:51.720 [info] [main] Using git "2.46.0" from "git"
2024-09-15 16:54:51.720 [info] [Model][doInitialScan] Initial repository scan started
2024-09-15 16:54:51.720 [info] > git rev-parse --show-toplevel [10ms]
2024-09-15 16:54:51.721 [info] > git rev-parse --show-toplevel [9ms]
2024-09-15 16:54:51.731 [info] > git rev-parse --show-toplevel [3ms]
2024-09-15 16:54:51.738 [info] > git rev-parse --show-toplevel [2ms]
2024-09-15 16:54:51.741 [info] [Model][doInitialScan] Initial repository scan completed - repositories (0), closed repositories (0), parent repositories (1), unsafe repositories (0)
2024-09-15 16:55:00.461 [info] > git rev-parse --show-toplevel [4ms]
2024-09-15 16:58:51.083 [info] > git rev-parse --show-toplevel [2ms]
2024-09-15 16:58:55.095 [info] > git rev-parse --show-toplevel [5ms]
2024-09-15 17:06:13.733 [info] > git rev-parse --show-toplevel [3ms]
2024-09-15 19:11:42.120 [info] > git rev-parse --show-toplevel [2ms]
2024-09-15 19:21:50.918 [info] > git rev-parse --show-toplevel [2ms]
2024-09-15 19:22:37.233 [info] > git rev-parse --show-toplevel [2ms]
2024-09-15 20:18:52.342 [info] > git rev-parse --show-toplevel [2ms]
2024-09-15 20:19:31.315 [info] > git rev-parse --show-toplevel [3ms]
2024-09-15 20:29:18.434 [info] > git rev-parse --show-toplevel [3ms]
2024-09-15 20:30:00.070 [info] > git rev-parse --show-toplevel [2ms]
2024-09-15 20:43:34.080 [info] > git rev-parse --show-toplevel [2ms]
2024-09-15 20:45:13.722 [info] > git rev-parse --show-toplevel [1ms]
2024-09-15 20:45:22.068 [info] > git rev-parse --show-toplevel [3ms]
2024-09-15 20:45:23.230 [info] > git rev-parse --show-toplevel [4ms]
2024-09-15 20:45:28.792 [info] > git rev-parse --show-toplevel [2ms]
2024-09-15 20:47:10.545 [info] > git rev-parse --show-toplevel [1ms]
2024-09-15 20:47:18.720 [info] > git rev-parse --show-toplevel [3ms]
2024-09-15 20:47:25.936 [info] > git rev-parse --show-toplevel [2ms]
2024-09-15 20:48:09.894 [info] > git rev-parse --show-toplevel [3ms]
2024-09-15 20:49:05.842 [info] > git rev-parse --show-toplevel [1ms]
2024-09-15 20:49:49.279 [info] > git rev-parse --show-toplevel [3ms]
2024-09-15 20:49:51.384 [info] > git rev-parse --show-toplevel [3ms]
2024-09-15 20:50:56.505 [info] > git rev-parse --show-toplevel [1ms]
2024-09-15 20:54:27.425 [info] > git rev-parse --show-toplevel [2ms]
2024-09-15 20:55:13.688 [info] > git rev-parse --show-toplevel [2ms]
2024-09-15 21:08:10.142 [info] > git rev-parse --show-toplevel [3ms]
2024-09-15 21:12:43.458 [info] > git rev-parse --show-toplevel [2ms]
2024-09-15 21:13:06.167 [info] > git rev-parse --show-toplevel [4ms]
2024-09-15 21:14:37.176 [info] > git rev-parse --show-toplevel [6ms]
2024-09-15 21:15:37.049 [info] > git rev-parse --show-toplevel [2ms]
2024-09-15 21:16:01.423 [info] > git rev-parse --show-toplevel [2ms]
2024-09-15 21:17:23.702 [info] > git rev-parse --show-toplevel [2ms]
2024-09-15 21:18:02.126 [info] > git rev-parse --show-toplevel [3ms]
2024-09-15 21:27:59.207 [info] > git rev-parse --show-toplevel [3ms]
2024-09-15 21:38:24.171 [info] > git rev-parse --show-toplevel [3ms]
2024-09-15 21:39:19.384 [info] > git rev-parse --show-toplevel [4ms]
2024-09-15 21:40:43.242 [info] > git rev-parse --show-toplevel [2ms]
2024-09-15 21:41:51.520 [info] > git rev-parse --show-toplevel [3ms]
2024-09-15 21:42:14.171 [info] > git rev-parse --show-toplevel [2ms]
2024-09-15 21:42:16.317 [info] > git rev-parse --show-toplevel [4ms]
2024-09-15 21:42:56.416 [info] > git rev-parse --show-toplevel [3ms]
