2024-09-15 16:54:45.320 [info] Added views:workbench.panel.markers.view in workbench.panel.markers
2024-09-15 16:54:45.320 [info] Added views:workbench.panel.output in workbench.panel.output
2024-09-15 16:54:45.320 [info] Added views:terminal in terminal
2024-09-15 16:54:45.320 [info] Added views:outline in workbench.view.explorer
2024-09-15 16:54:45.320 [info] Added views:workbench.scm in workbench.view.scm
2024-09-15 16:54:45.320 [info] Added views:workbench.view.search in workbench.view.search
2024-09-15 16:54:45.320 [info] Added views:timeline in workbench.view.explorer
2024-09-15 16:54:45.320 [info] Added views:workbench.explorer.fileView in workbench.view.explorer
2024-09-15 16:54:46.015 [info] Added views:workbench.debug.variablesView,workbench.debug.watchExpressionsView,workbench.debug.callStackView,workbench.debug.breakPointsView in workbench.view.debug
2024-09-15 16:54:46.109 [info] Added views:workbench.panel.repl.view in workbench.panel.repl
2024-09-15 16:54:46.110 [info] Removed views:workbench.debug.breakPointsView,workbench.debug.callStackView,workbench.debug.watchExpressionsView,workbench.debug.variablesView from workbench.view.debug
2024-09-15 16:54:46.111 [info] Added views:workbench.debug.welcome in workbench.view.debug
2024-09-15 16:54:46.334 [info] Added views:~remote.forwardedPorts in ~remote.forwardedPortsContainer
2024-09-15 16:54:47.457 [info] Added views:workbench.view.testing in workbench.view.extension.test
2024-09-15 16:54:50.211 [info] Added views:github.cweijan.mysql in workbench.view.extension.github-cweijan-mysql
2024-09-15 16:54:50.213 [info] Added views:github.cweijan.nosql in workbench.view.extension.github-cweijan-nosql
2024-09-15 16:54:50.214 [info] Added views:postman-for-vscode.sidebar-panel in workbench.view.extension.sidebar-panel
2024-09-15 16:54:50.215 [info] Added views:postman-console-view in workbench.view.extension.postman-console-view-container
2024-09-15 16:54:50.242 [info] Removed views:workbench.view.testing from workbench.view.extension.test
2024-09-15 16:54:50.374 [info] Added views:workbench.view.testing in workbench.view.extension.test
2024-09-16 00:01:49.245 [info] Removed views:workbench.view.testing from workbench.view.extension.test
