2024-09-15 16:54:46.014 [info] Extension host with pid 22427 started
2024-09-15 16:54:46.014 [info] Skipping acquiring lock for /home/zoro/Desktop/PROGRAMMING/Alx_DjangoLearnLab/django_blog/default/User/workspaceStorage/826f952dd39c875f849b270012a55555.
2024-09-15 16:54:46.111 [info] ExtensionService#_doActivateExtension vscode.git-base, startup: true, activationEvent: '*'
2024-09-15 16:54:46.118 [info] ExtensionService#_doActivateExtension ms-python.python, startup: true, activationEvent: 'workspaceContains:manage.py'
2024-09-15 16:54:46.493 [info] ExtensionService#_doActivateExtension vscode.github, startup: true, activationEvent: '*'
2024-09-15 16:54:47.485 [info] Eager extensions activated
2024-09-15 16:54:47.499 [info] ExtensionService#_doActivateExtension vscode.debug-auto-launch, startup: false, activationEvent: 'onStartupFinished'
2024-09-15 16:54:47.503 [info] ExtensionService#_doActivateExtension vscode.merge-conflict, startup: false, activationEvent: 'onStartupFinished'
2024-09-15 16:54:47.530 [info] ExtensionService#_doActivateExtension vscodevim.vim, startup: false, activationEvent: 'onStartupFinished'
2024-09-15 16:54:47.751 [info] ExtensionService#_doActivateExtension ms-python.vscode-pylance, startup: false, activationEvent: 'api', root cause: ms-python.python
2024-09-15 16:54:48.696 [error] Error: ENOENT: no such file or directory, open '/home/zoro/Desktop/PROGRAMMING/Alx_DjangoLearnLab/django_blog/default/User/globalStorage/vscodevim.vim/.registers'
2024-09-15 16:54:50.335 [info] ExtensionService#_doActivateExtension vscode.git, startup: false, activationEvent: 'api', root cause: vscode.github
2024-09-15 16:54:50.511 [info] ExtensionService#_doActivateExtension cweijan.vscode-mysql-client2, startup: false, activationEvent: 'onStartupFinished'
2024-09-15 16:54:50.963 [info] ExtensionService#_doActivateExtension Postman.postman-for-vscode, startup: false, activationEvent: 'onStartupFinished'
2024-09-15 16:54:51.649 [error] Error: Starting server failed
	at P.$start (/root/.vscode/extensions/ms-python.python-2024.14.1-linux-x64/out/client/extension.js:2:2108511)
	at async P.sendNotification (/root/.vscode/extensions/ms-python.python-2024.14.1-linux-x64/out/client/extension.js:2:2093760)
2024-09-15 16:54:51.839 [warning] DiagnosticCollection with name 'settings' does already exist.
2024-09-15 16:55:00.579 [info] ExtensionService#_doActivateExtension ms-python.debugpy, startup: false, activationEvent: 'onLanguage:python'
2024-09-15 16:55:00.682 [info] ExtensionService#_doActivateExtension vscode.emmet, startup: false, activationEvent: 'onLanguage'
2024-09-15 16:55:00.940 [error] Error: LanguageStatusItem with id 'python.analysis.typeCheckingMode' ALREADY exists
	at c.createLanguageStatusItem (/snap/code/169/usr/share/code/resources/app/out/vs/workbench/api/node/extensionHostProcess.js:161:163942)
	at Object.createLanguageStatusItem (/snap/code/169/usr/share/code/resources/app/out/vs/workbench/api/node/extensionHostProcess.js:171:38483)
	at _0xbcc266.createStatusItem (/root/.vscode/extensions/ms-python.vscode-pylance-2024.9.1/dist/extension.bundle.js:1:276048)
	at _0xbcc266.updateStatusItem (/root/.vscode/extensions/ms-python.vscode-pylance-2024.9.1/dist/extension.bundle.js:1:289607)
	at p (/root/.vscode/extensions/ms-python.vscode-pylance-2024.9.1/dist/vendor.bundle.js:2:1792722)
	at E (/root/.vscode/extensions/ms-python.vscode-pylance-2024.9.1/dist/vendor.bundle.js:2:1792929)
	at Timeout.I [as _onTimeout] (/root/.vscode/extensions/ms-python.vscode-pylance-2024.9.1/dist/vendor.bundle.js:2:1792831)
	at listOnTimeout (node:internal/timers:573:17)
	at process.processTimers (node:internal/timers:514:7)
2024-09-15 16:55:01.935 [error] Error: Client is not running
	at P.sendRequest (/root/.vscode/extensions/ms-python.python-2024.14.1-linux-x64/out/client/extension.js:2:2091911)
	at Object._0x30e69b [as sendRequest] (/root/.vscode/extensions/ms-python.vscode-pylance-2024.9.1/dist/extension.bundle.js:1:153560)
	at _0x18f5f4.getConfigInfo (/root/.vscode/extensions/ms-python.vscode-pylance-2024.9.1/dist/extension.bundle.js:1:278617)
	at _0xbcc266.updateStatusItem (/root/.vscode/extensions/ms-python.vscode-pylance-2024.9.1/dist/extension.bundle.js:1:289680)
	at p (/root/.vscode/extensions/ms-python.vscode-pylance-2024.9.1/dist/vendor.bundle.js:2:1792722)
	at E (/root/.vscode/extensions/ms-python.vscode-pylance-2024.9.1/dist/vendor.bundle.js:2:1792929)
	at Timeout.I [as _onTimeout] (/root/.vscode/extensions/ms-python.vscode-pylance-2024.9.1/dist/vendor.bundle.js:2:1792831)
	at listOnTimeout (node:internal/timers:573:17)
	at process.processTimers (node:internal/timers:514:7)
2024-09-15 16:58:51.601 [error] Error: LanguageStatusItem with id 'python.analysis.typeCheckingMode' ALREADY exists
	at c.createLanguageStatusItem (/snap/code/169/usr/share/code/resources/app/out/vs/workbench/api/node/extensionHostProcess.js:161:163942)
	at Object.createLanguageStatusItem (/snap/code/169/usr/share/code/resources/app/out/vs/workbench/api/node/extensionHostProcess.js:171:38483)
	at _0xbcc266.createStatusItem (/root/.vscode/extensions/ms-python.vscode-pylance-2024.9.1/dist/extension.bundle.js:1:276048)
	at _0xbcc266.updateStatusItem (/root/.vscode/extensions/ms-python.vscode-pylance-2024.9.1/dist/extension.bundle.js:1:289607)
	at p (/root/.vscode/extensions/ms-python.vscode-pylance-2024.9.1/dist/vendor.bundle.js:2:1792722)
	at E (/root/.vscode/extensions/ms-python.vscode-pylance-2024.9.1/dist/vendor.bundle.js:2:1792929)
	at Timeout.I [as _onTimeout] (/root/.vscode/extensions/ms-python.vscode-pylance-2024.9.1/dist/vendor.bundle.js:2:1792831)
	at listOnTimeout (node:internal/timers:573:17)
	at process.processTimers (node:internal/timers:514:7)
2024-09-15 16:58:52.593 [error] Error: Client is not running
	at P.sendRequest (/root/.vscode/extensions/ms-python.python-2024.14.1-linux-x64/out/client/extension.js:2:2091911)
	at Object._0x30e69b [as sendRequest] (/root/.vscode/extensions/ms-python.vscode-pylance-2024.9.1/dist/extension.bundle.js:1:153560)
	at _0x18f5f4.getConfigInfo (/root/.vscode/extensions/ms-python.vscode-pylance-2024.9.1/dist/extension.bundle.js:1:278617)
	at _0xbcc266.updateStatusItem (/root/.vscode/extensions/ms-python.vscode-pylance-2024.9.1/dist/extension.bundle.js:1:289680)
	at p (/root/.vscode/extensions/ms-python.vscode-pylance-2024.9.1/dist/vendor.bundle.js:2:1792722)
	at E (/root/.vscode/extensions/ms-python.vscode-pylance-2024.9.1/dist/vendor.bundle.js:2:1792929)
	at Timeout.I [as _onTimeout] (/root/.vscode/extensions/ms-python.vscode-pylance-2024.9.1/dist/vendor.bundle.js:2:1792831)
	at listOnTimeout (node:internal/timers:573:17)
	at process.processTimers (node:internal/timers:514:7)
2024-09-15 16:58:55.576 [error] Error: LanguageStatusItem with id 'python.analysis.typeCheckingMode' ALREADY exists
	at c.createLanguageStatusItem (/snap/code/169/usr/share/code/resources/app/out/vs/workbench/api/node/extensionHostProcess.js:161:163942)
	at Object.createLanguageStatusItem (/snap/code/169/usr/share/code/resources/app/out/vs/workbench/api/node/extensionHostProcess.js:171:38483)
	at _0xbcc266.createStatusItem (/root/.vscode/extensions/ms-python.vscode-pylance-2024.9.1/dist/extension.bundle.js:1:276048)
	at _0xbcc266.updateStatusItem (/root/.vscode/extensions/ms-python.vscode-pylance-2024.9.1/dist/extension.bundle.js:1:289607)
	at p (/root/.vscode/extensions/ms-python.vscode-pylance-2024.9.1/dist/vendor.bundle.js:2:1792722)
	at E (/root/.vscode/extensions/ms-python.vscode-pylance-2024.9.1/dist/vendor.bundle.js:2:1792929)
	at Timeout.I [as _onTimeout] (/root/.vscode/extensions/ms-python.vscode-pylance-2024.9.1/dist/vendor.bundle.js:2:1792831)
	at listOnTimeout (node:internal/timers:573:17)
	at process.processTimers (node:internal/timers:514:7)
2024-09-15 16:58:56.577 [error] Error: Client is not running
	at P.sendRequest (/root/.vscode/extensions/ms-python.python-2024.14.1-linux-x64/out/client/extension.js:2:2091911)
	at Object._0x30e69b [as sendRequest] (/root/.vscode/extensions/ms-python.vscode-pylance-2024.9.1/dist/extension.bundle.js:1:153560)
	at _0x18f5f4.getConfigInfo (/root/.vscode/extensions/ms-python.vscode-pylance-2024.9.1/dist/extension.bundle.js:1:278617)
	at _0xbcc266.updateStatusItem (/root/.vscode/extensions/ms-python.vscode-pylance-2024.9.1/dist/extension.bundle.js:1:289680)
	at p (/root/.vscode/extensions/ms-python.vscode-pylance-2024.9.1/dist/vendor.bundle.js:2:1792722)
	at E (/root/.vscode/extensions/ms-python.vscode-pylance-2024.9.1/dist/vendor.bundle.js:2:1792929)
	at Timeout.I [as _onTimeout] (/root/.vscode/extensions/ms-python.vscode-pylance-2024.9.1/dist/vendor.bundle.js:2:1792831)
	at listOnTimeout (node:internal/timers:573:17)
	at process.processTimers (node:internal/timers:514:7)
2024-09-15 17:06:14.231 [error] Error: LanguageStatusItem with id 'python.analysis.typeCheckingMode' ALREADY exists
	at c.createLanguageStatusItem (/snap/code/169/usr/share/code/resources/app/out/vs/workbench/api/node/extensionHostProcess.js:161:163942)
	at Object.createLanguageStatusItem (/snap/code/169/usr/share/code/resources/app/out/vs/workbench/api/node/extensionHostProcess.js:171:38483)
	at _0xbcc266.createStatusItem (/root/.vscode/extensions/ms-python.vscode-pylance-2024.9.1/dist/extension.bundle.js:1:276048)
	at _0xbcc266.updateStatusItem (/root/.vscode/extensions/ms-python.vscode-pylance-2024.9.1/dist/extension.bundle.js:1:289607)
	at p (/root/.vscode/extensions/ms-python.vscode-pylance-2024.9.1/dist/vendor.bundle.js:2:1792722)
	at E (/root/.vscode/extensions/ms-python.vscode-pylance-2024.9.1/dist/vendor.bundle.js:2:1792929)
	at Timeout.I [as _onTimeout] (/root/.vscode/extensions/ms-python.vscode-pylance-2024.9.1/dist/vendor.bundle.js:2:1792831)
	at listOnTimeout (node:internal/timers:573:17)
	at process.processTimers (node:internal/timers:514:7)
2024-09-15 17:06:15.226 [error] Error: Client is not running
	at P.sendRequest (/root/.vscode/extensions/ms-python.python-2024.14.1-linux-x64/out/client/extension.js:2:2091911)
	at Object._0x30e69b [as sendRequest] (/root/.vscode/extensions/ms-python.vscode-pylance-2024.9.1/dist/extension.bundle.js:1:153560)
	at _0x18f5f4.getConfigInfo (/root/.vscode/extensions/ms-python.vscode-pylance-2024.9.1/dist/extension.bundle.js:1:278617)
	at _0xbcc266.updateStatusItem (/root/.vscode/extensions/ms-python.vscode-pylance-2024.9.1/dist/extension.bundle.js:1:289680)
	at p (/root/.vscode/extensions/ms-python.vscode-pylance-2024.9.1/dist/vendor.bundle.js:2:1792722)
	at E (/root/.vscode/extensions/ms-python.vscode-pylance-2024.9.1/dist/vendor.bundle.js:2:1792929)
	at Timeout.I [as _onTimeout] (/root/.vscode/extensions/ms-python.vscode-pylance-2024.9.1/dist/vendor.bundle.js:2:1792831)
	at listOnTimeout (node:internal/timers:573:17)
	at process.processTimers (node:internal/timers:514:7)
2024-09-15 19:11:42.187 [info] ExtensionService#_doActivateExtension vscode.html-language-features, startup: false, activationEvent: 'onLanguage:html'
2024-09-15 19:21:50.952 [info] ExtensionService#_doActivateExtension vscode.css-language-features, startup: false, activationEvent: 'onLanguage:css'
2024-09-15 20:18:52.403 [info] ExtensionService#_doActivateExtension vscode.typescript-language-features, startup: false, activationEvent: 'onLanguage:javascript'
2024-09-15 20:19:31.823 [error] Error: LanguageStatusItem with id 'python.analysis.typeCheckingMode' ALREADY exists
	at c.createLanguageStatusItem (/snap/code/169/usr/share/code/resources/app/out/vs/workbench/api/node/extensionHostProcess.js:161:163942)
	at Object.createLanguageStatusItem (/snap/code/169/usr/share/code/resources/app/out/vs/workbench/api/node/extensionHostProcess.js:171:38483)
	at _0xbcc266.createStatusItem (/root/.vscode/extensions/ms-python.vscode-pylance-2024.9.1/dist/extension.bundle.js:1:276048)
	at _0xbcc266.updateStatusItem (/root/.vscode/extensions/ms-python.vscode-pylance-2024.9.1/dist/extension.bundle.js:1:289607)
	at p (/root/.vscode/extensions/ms-python.vscode-pylance-2024.9.1/dist/vendor.bundle.js:2:1792722)
	at E (/root/.vscode/extensions/ms-python.vscode-pylance-2024.9.1/dist/vendor.bundle.js:2:1792929)
	at Timeout.I [as _onTimeout] (/root/.vscode/extensions/ms-python.vscode-pylance-2024.9.1/dist/vendor.bundle.js:2:1792831)
	at listOnTimeout (node:internal/timers:573:17)
	at process.processTimers (node:internal/timers:514:7)
2024-09-15 20:19:32.811 [error] Error: Client is not running
	at P.sendRequest (/root/.vscode/extensions/ms-python.python-2024.14.1-linux-x64/out/client/extension.js:2:2091911)
	at Object._0x30e69b [as sendRequest] (/root/.vscode/extensions/ms-python.vscode-pylance-2024.9.1/dist/extension.bundle.js:1:153560)
	at _0x18f5f4.getConfigInfo (/root/.vscode/extensions/ms-python.vscode-pylance-2024.9.1/dist/extension.bundle.js:1:278617)
	at _0xbcc266.updateStatusItem (/root/.vscode/extensions/ms-python.vscode-pylance-2024.9.1/dist/extension.bundle.js:1:289680)
	at p (/root/.vscode/extensions/ms-python.vscode-pylance-2024.9.1/dist/vendor.bundle.js:2:1792722)
	at E (/root/.vscode/extensions/ms-python.vscode-pylance-2024.9.1/dist/vendor.bundle.js:2:1792929)
	at Timeout.I [as _onTimeout] (/root/.vscode/extensions/ms-python.vscode-pylance-2024.9.1/dist/vendor.bundle.js:2:1792831)
	at listOnTimeout (node:internal/timers:573:17)
	at process.processTimers (node:internal/timers:514:7)
2024-09-15 20:29:18.924 [error] Error: LanguageStatusItem with id 'python.analysis.typeCheckingMode' ALREADY exists
	at c.createLanguageStatusItem (/snap/code/169/usr/share/code/resources/app/out/vs/workbench/api/node/extensionHostProcess.js:161:163942)
	at Object.createLanguageStatusItem (/snap/code/169/usr/share/code/resources/app/out/vs/workbench/api/node/extensionHostProcess.js:171:38483)
	at _0xbcc266.createStatusItem (/root/.vscode/extensions/ms-python.vscode-pylance-2024.9.1/dist/extension.bundle.js:1:276048)
	at _0xbcc266.updateStatusItem (/root/.vscode/extensions/ms-python.vscode-pylance-2024.9.1/dist/extension.bundle.js:1:289607)
	at p (/root/.vscode/extensions/ms-python.vscode-pylance-2024.9.1/dist/vendor.bundle.js:2:1792722)
	at E (/root/.vscode/extensions/ms-python.vscode-pylance-2024.9.1/dist/vendor.bundle.js:2:1792929)
	at Timeout.I [as _onTimeout] (/root/.vscode/extensions/ms-python.vscode-pylance-2024.9.1/dist/vendor.bundle.js:2:1792831)
	at listOnTimeout (node:internal/timers:573:17)
	at process.processTimers (node:internal/timers:514:7)
2024-09-15 20:29:19.925 [error] Error: Client is not running
	at P.sendRequest (/root/.vscode/extensions/ms-python.python-2024.14.1-linux-x64/out/client/extension.js:2:2091911)
	at Object._0x30e69b [as sendRequest] (/root/.vscode/extensions/ms-python.vscode-pylance-2024.9.1/dist/extension.bundle.js:1:153560)
	at _0x18f5f4.getConfigInfo (/root/.vscode/extensions/ms-python.vscode-pylance-2024.9.1/dist/extension.bundle.js:1:278617)
	at _0xbcc266.updateStatusItem (/root/.vscode/extensions/ms-python.vscode-pylance-2024.9.1/dist/extension.bundle.js:1:289680)
	at p (/root/.vscode/extensions/ms-python.vscode-pylance-2024.9.1/dist/vendor.bundle.js:2:1792722)
	at E (/root/.vscode/extensions/ms-python.vscode-pylance-2024.9.1/dist/vendor.bundle.js:2:1792929)
	at Timeout.I [as _onTimeout] (/root/.vscode/extensions/ms-python.vscode-pylance-2024.9.1/dist/vendor.bundle.js:2:1792831)
	at listOnTimeout (node:internal/timers:573:17)
	at process.processTimers (node:internal/timers:514:7)
2024-09-15 20:30:00.563 [error] Error: LanguageStatusItem with id 'python.analysis.typeCheckingMode' ALREADY exists
	at c.createLanguageStatusItem (/snap/code/169/usr/share/code/resources/app/out/vs/workbench/api/node/extensionHostProcess.js:161:163942)
	at Object.createLanguageStatusItem (/snap/code/169/usr/share/code/resources/app/out/vs/workbench/api/node/extensionHostProcess.js:171:38483)
	at _0xbcc266.createStatusItem (/root/.vscode/extensions/ms-python.vscode-pylance-2024.9.1/dist/extension.bundle.js:1:276048)
	at _0xbcc266.updateStatusItem (/root/.vscode/extensions/ms-python.vscode-pylance-2024.9.1/dist/extension.bundle.js:1:289607)
	at p (/root/.vscode/extensions/ms-python.vscode-pylance-2024.9.1/dist/vendor.bundle.js:2:1792722)
	at E (/root/.vscode/extensions/ms-python.vscode-pylance-2024.9.1/dist/vendor.bundle.js:2:1792929)
	at Timeout.I [as _onTimeout] (/root/.vscode/extensions/ms-python.vscode-pylance-2024.9.1/dist/vendor.bundle.js:2:1792831)
	at listOnTimeout (node:internal/timers:573:17)
	at process.processTimers (node:internal/timers:514:7)
2024-09-15 20:30:01.563 [error] Error: Client is not running
	at P.sendRequest (/root/.vscode/extensions/ms-python.python-2024.14.1-linux-x64/out/client/extension.js:2:2091911)
	at Object._0x30e69b [as sendRequest] (/root/.vscode/extensions/ms-python.vscode-pylance-2024.9.1/dist/extension.bundle.js:1:153560)
	at _0x18f5f4.getConfigInfo (/root/.vscode/extensions/ms-python.vscode-pylance-2024.9.1/dist/extension.bundle.js:1:278617)
	at _0xbcc266.updateStatusItem (/root/.vscode/extensions/ms-python.vscode-pylance-2024.9.1/dist/extension.bundle.js:1:289680)
	at p (/root/.vscode/extensions/ms-python.vscode-pylance-2024.9.1/dist/vendor.bundle.js:2:1792722)
	at E (/root/.vscode/extensions/ms-python.vscode-pylance-2024.9.1/dist/vendor.bundle.js:2:1792929)
	at Timeout.I [as _onTimeout] (/root/.vscode/extensions/ms-python.vscode-pylance-2024.9.1/dist/vendor.bundle.js:2:1792831)
	at listOnTimeout (node:internal/timers:573:17)
	at process.processTimers (node:internal/timers:514:7)
2024-09-15 20:48:10.381 [error] Error: LanguageStatusItem with id 'python.analysis.typeCheckingMode' ALREADY exists
	at c.createLanguageStatusItem (/snap/code/169/usr/share/code/resources/app/out/vs/workbench/api/node/extensionHostProcess.js:161:163942)
	at Object.createLanguageStatusItem (/snap/code/169/usr/share/code/resources/app/out/vs/workbench/api/node/extensionHostProcess.js:171:38483)
	at _0xbcc266.createStatusItem (/root/.vscode/extensions/ms-python.vscode-pylance-2024.9.1/dist/extension.bundle.js:1:276048)
	at _0xbcc266.updateStatusItem (/root/.vscode/extensions/ms-python.vscode-pylance-2024.9.1/dist/extension.bundle.js:1:289607)
	at p (/root/.vscode/extensions/ms-python.vscode-pylance-2024.9.1/dist/vendor.bundle.js:2:1792722)
	at E (/root/.vscode/extensions/ms-python.vscode-pylance-2024.9.1/dist/vendor.bundle.js:2:1792929)
	at Timeout.I [as _onTimeout] (/root/.vscode/extensions/ms-python.vscode-pylance-2024.9.1/dist/vendor.bundle.js:2:1792831)
	at listOnTimeout (node:internal/timers:573:17)
	at process.processTimers (node:internal/timers:514:7)
2024-09-15 20:48:11.382 [error] Error: Client is not running
	at P.sendRequest (/root/.vscode/extensions/ms-python.python-2024.14.1-linux-x64/out/client/extension.js:2:2091911)
	at Object._0x30e69b [as sendRequest] (/root/.vscode/extensions/ms-python.vscode-pylance-2024.9.1/dist/extension.bundle.js:1:153560)
	at _0x18f5f4.getConfigInfo (/root/.vscode/extensions/ms-python.vscode-pylance-2024.9.1/dist/extension.bundle.js:1:278617)
	at _0xbcc266.updateStatusItem (/root/.vscode/extensions/ms-python.vscode-pylance-2024.9.1/dist/extension.bundle.js:1:289680)
	at p (/root/.vscode/extensions/ms-python.vscode-pylance-2024.9.1/dist/vendor.bundle.js:2:1792722)
	at E (/root/.vscode/extensions/ms-python.vscode-pylance-2024.9.1/dist/vendor.bundle.js:2:1792929)
	at Timeout.I [as _onTimeout] (/root/.vscode/extensions/ms-python.vscode-pylance-2024.9.1/dist/vendor.bundle.js:2:1792831)
	at listOnTimeout (node:internal/timers:573:17)
	at process.processTimers (node:internal/timers:514:7)
2024-09-15 20:49:06.336 [error] Error: LanguageStatusItem with id 'python.analysis.typeCheckingMode' ALREADY exists
	at c.createLanguageStatusItem (/snap/code/169/usr/share/code/resources/app/out/vs/workbench/api/node/extensionHostProcess.js:161:163942)
	at Object.createLanguageStatusItem (/snap/code/169/usr/share/code/resources/app/out/vs/workbench/api/node/extensionHostProcess.js:171:38483)
	at _0xbcc266.createStatusItem (/root/.vscode/extensions/ms-python.vscode-pylance-2024.9.1/dist/extension.bundle.js:1:276048)
	at _0xbcc266.updateStatusItem (/root/.vscode/extensions/ms-python.vscode-pylance-2024.9.1/dist/extension.bundle.js:1:289607)
	at p (/root/.vscode/extensions/ms-python.vscode-pylance-2024.9.1/dist/vendor.bundle.js:2:1792722)
	at E (/root/.vscode/extensions/ms-python.vscode-pylance-2024.9.1/dist/vendor.bundle.js:2:1792929)
	at Timeout.I [as _onTimeout] (/root/.vscode/extensions/ms-python.vscode-pylance-2024.9.1/dist/vendor.bundle.js:2:1792831)
	at listOnTimeout (node:internal/timers:573:17)
	at process.processTimers (node:internal/timers:514:7)
2024-09-15 20:49:07.337 [error] Error: Client is not running
	at P.sendRequest (/root/.vscode/extensions/ms-python.python-2024.14.1-linux-x64/out/client/extension.js:2:2091911)
	at Object._0x30e69b [as sendRequest] (/root/.vscode/extensions/ms-python.vscode-pylance-2024.9.1/dist/extension.bundle.js:1:153560)
	at _0x18f5f4.getConfigInfo (/root/.vscode/extensions/ms-python.vscode-pylance-2024.9.1/dist/extension.bundle.js:1:278617)
	at _0xbcc266.updateStatusItem (/root/.vscode/extensions/ms-python.vscode-pylance-2024.9.1/dist/extension.bundle.js:1:289680)
	at p (/root/.vscode/extensions/ms-python.vscode-pylance-2024.9.1/dist/vendor.bundle.js:2:1792722)
	at E (/root/.vscode/extensions/ms-python.vscode-pylance-2024.9.1/dist/vendor.bundle.js:2:1792929)
	at Timeout.I [as _onTimeout] (/root/.vscode/extensions/ms-python.vscode-pylance-2024.9.1/dist/vendor.bundle.js:2:1792831)
	at listOnTimeout (node:internal/timers:573:17)
	at process.processTimers (node:internal/timers:514:7)
2024-09-15 20:49:49.772 [error] Error: LanguageStatusItem with id 'python.analysis.typeCheckingMode' ALREADY exists
	at c.createLanguageStatusItem (/snap/code/169/usr/share/code/resources/app/out/vs/workbench/api/node/extensionHostProcess.js:161:163942)
	at Object.createLanguageStatusItem (/snap/code/169/usr/share/code/resources/app/out/vs/workbench/api/node/extensionHostProcess.js:171:38483)
	at _0xbcc266.createStatusItem (/root/.vscode/extensions/ms-python.vscode-pylance-2024.9.1/dist/extension.bundle.js:1:276048)
	at _0xbcc266.updateStatusItem (/root/.vscode/extensions/ms-python.vscode-pylance-2024.9.1/dist/extension.bundle.js:1:289607)
	at p (/root/.vscode/extensions/ms-python.vscode-pylance-2024.9.1/dist/vendor.bundle.js:2:1792722)
	at E (/root/.vscode/extensions/ms-python.vscode-pylance-2024.9.1/dist/vendor.bundle.js:2:1792929)
	at Timeout.I [as _onTimeout] (/root/.vscode/extensions/ms-python.vscode-pylance-2024.9.1/dist/vendor.bundle.js:2:1792831)
	at listOnTimeout (node:internal/timers:573:17)
	at process.processTimers (node:internal/timers:514:7)
2024-09-15 20:49:50.773 [error] Error: Client is not running
	at P.sendRequest (/root/.vscode/extensions/ms-python.python-2024.14.1-linux-x64/out/client/extension.js:2:2091911)
	at Object._0x30e69b [as sendRequest] (/root/.vscode/extensions/ms-python.vscode-pylance-2024.9.1/dist/extension.bundle.js:1:153560)
	at _0x18f5f4.getConfigInfo (/root/.vscode/extensions/ms-python.vscode-pylance-2024.9.1/dist/extension.bundle.js:1:278617)
	at _0xbcc266.updateStatusItem (/root/.vscode/extensions/ms-python.vscode-pylance-2024.9.1/dist/extension.bundle.js:1:289680)
	at p (/root/.vscode/extensions/ms-python.vscode-pylance-2024.9.1/dist/vendor.bundle.js:2:1792722)
	at E (/root/.vscode/extensions/ms-python.vscode-pylance-2024.9.1/dist/vendor.bundle.js:2:1792929)
	at Timeout.I [as _onTimeout] (/root/.vscode/extensions/ms-python.vscode-pylance-2024.9.1/dist/vendor.bundle.js:2:1792831)
	at listOnTimeout (node:internal/timers:573:17)
	at process.processTimers (node:internal/timers:514:7)
2024-09-15 20:50:56.531 [info] ExtensionService#_doActivateExtension vscode.extension-editing, startup: false, activationEvent: 'onLanguage:markdown'
2024-09-15 20:50:56.554 [info] ExtensionService#_doActivateExtension vscode.markdown-language-features, startup: false, activationEvent: 'onLanguage:markdown'
2024-09-15 20:50:56.989 [info] ExtensionService#_doActivateExtension vscode.markdown-math, startup: false, activationEvent: 'api', root cause: vscode.markdown-language-features
2024-09-15 20:54:27.917 [error] Error: LanguageStatusItem with id 'python.analysis.typeCheckingMode' ALREADY exists
	at c.createLanguageStatusItem (/snap/code/169/usr/share/code/resources/app/out/vs/workbench/api/node/extensionHostProcess.js:161:163942)
	at Object.createLanguageStatusItem (/snap/code/169/usr/share/code/resources/app/out/vs/workbench/api/node/extensionHostProcess.js:171:38483)
	at _0xbcc266.createStatusItem (/root/.vscode/extensions/ms-python.vscode-pylance-2024.9.1/dist/extension.bundle.js:1:276048)
	at _0xbcc266.updateStatusItem (/root/.vscode/extensions/ms-python.vscode-pylance-2024.9.1/dist/extension.bundle.js:1:289607)
	at p (/root/.vscode/extensions/ms-python.vscode-pylance-2024.9.1/dist/vendor.bundle.js:2:1792722)
	at E (/root/.vscode/extensions/ms-python.vscode-pylance-2024.9.1/dist/vendor.bundle.js:2:1792929)
	at Timeout.I [as _onTimeout] (/root/.vscode/extensions/ms-python.vscode-pylance-2024.9.1/dist/vendor.bundle.js:2:1792831)
	at listOnTimeout (node:internal/timers:573:17)
	at process.processTimers (node:internal/timers:514:7)
2024-09-15 20:54:28.919 [error] Error: Client is not running
	at P.sendRequest (/root/.vscode/extensions/ms-python.python-2024.14.1-linux-x64/out/client/extension.js:2:2091911)
	at Object._0x30e69b [as sendRequest] (/root/.vscode/extensions/ms-python.vscode-pylance-2024.9.1/dist/extension.bundle.js:1:153560)
	at _0x18f5f4.getConfigInfo (/root/.vscode/extensions/ms-python.vscode-pylance-2024.9.1/dist/extension.bundle.js:1:278617)
	at _0xbcc266.updateStatusItem (/root/.vscode/extensions/ms-python.vscode-pylance-2024.9.1/dist/extension.bundle.js:1:289680)
	at p (/root/.vscode/extensions/ms-python.vscode-pylance-2024.9.1/dist/vendor.bundle.js:2:1792722)
	at E (/root/.vscode/extensions/ms-python.vscode-pylance-2024.9.1/dist/vendor.bundle.js:2:1792929)
	at Timeout.I [as _onTimeout] (/root/.vscode/extensions/ms-python.vscode-pylance-2024.9.1/dist/vendor.bundle.js:2:1792831)
	at listOnTimeout (node:internal/timers:573:17)
	at process.processTimers (node:internal/timers:514:7)
2024-09-15 21:08:10.633 [error] Error: LanguageStatusItem with id 'python.analysis.typeCheckingMode' ALREADY exists
	at c.createLanguageStatusItem (/snap/code/169/usr/share/code/resources/app/out/vs/workbench/api/node/extensionHostProcess.js:161:163942)
	at Object.createLanguageStatusItem (/snap/code/169/usr/share/code/resources/app/out/vs/workbench/api/node/extensionHostProcess.js:171:38483)
	at _0xbcc266.createStatusItem (/root/.vscode/extensions/ms-python.vscode-pylance-2024.9.1/dist/extension.bundle.js:1:276048)
	at _0xbcc266.updateStatusItem (/root/.vscode/extensions/ms-python.vscode-pylance-2024.9.1/dist/extension.bundle.js:1:289607)
	at p (/root/.vscode/extensions/ms-python.vscode-pylance-2024.9.1/dist/vendor.bundle.js:2:1792722)
	at E (/root/.vscode/extensions/ms-python.vscode-pylance-2024.9.1/dist/vendor.bundle.js:2:1792929)
	at Timeout.I [as _onTimeout] (/root/.vscode/extensions/ms-python.vscode-pylance-2024.9.1/dist/vendor.bundle.js:2:1792831)
	at listOnTimeout (node:internal/timers:573:17)
	at process.processTimers (node:internal/timers:514:7)
2024-09-15 21:08:11.633 [error] Error: Client is not running
	at P.sendRequest (/root/.vscode/extensions/ms-python.python-2024.14.1-linux-x64/out/client/extension.js:2:2091911)
	at Object._0x30e69b [as sendRequest] (/root/.vscode/extensions/ms-python.vscode-pylance-2024.9.1/dist/extension.bundle.js:1:153560)
	at _0x18f5f4.getConfigInfo (/root/.vscode/extensions/ms-python.vscode-pylance-2024.9.1/dist/extension.bundle.js:1:278617)
	at _0xbcc266.updateStatusItem (/root/.vscode/extensions/ms-python.vscode-pylance-2024.9.1/dist/extension.bundle.js:1:289680)
	at p (/root/.vscode/extensions/ms-python.vscode-pylance-2024.9.1/dist/vendor.bundle.js:2:1792722)
	at E (/root/.vscode/extensions/ms-python.vscode-pylance-2024.9.1/dist/vendor.bundle.js:2:1792929)
	at Timeout.I [as _onTimeout] (/root/.vscode/extensions/ms-python.vscode-pylance-2024.9.1/dist/vendor.bundle.js:2:1792831)
	at listOnTimeout (node:internal/timers:573:17)
	at process.processTimers (node:internal/timers:514:7)
2024-09-15 21:12:43.952 [error] Error: LanguageStatusItem with id 'python.analysis.typeCheckingMode' ALREADY exists
	at c.createLanguageStatusItem (/snap/code/169/usr/share/code/resources/app/out/vs/workbench/api/node/extensionHostProcess.js:161:163942)
	at Object.createLanguageStatusItem (/snap/code/169/usr/share/code/resources/app/out/vs/workbench/api/node/extensionHostProcess.js:171:38483)
	at _0xbcc266.createStatusItem (/root/.vscode/extensions/ms-python.vscode-pylance-2024.9.1/dist/extension.bundle.js:1:276048)
	at _0xbcc266.updateStatusItem (/root/.vscode/extensions/ms-python.vscode-pylance-2024.9.1/dist/extension.bundle.js:1:289607)
	at p (/root/.vscode/extensions/ms-python.vscode-pylance-2024.9.1/dist/vendor.bundle.js:2:1792722)
	at E (/root/.vscode/extensions/ms-python.vscode-pylance-2024.9.1/dist/vendor.bundle.js:2:1792929)
	at Timeout.I [as _onTimeout] (/root/.vscode/extensions/ms-python.vscode-pylance-2024.9.1/dist/vendor.bundle.js:2:1792831)
	at listOnTimeout (node:internal/timers:573:17)
	at process.processTimers (node:internal/timers:514:7)
2024-09-15 21:12:44.953 [error] Error: Client is not running
	at P.sendRequest (/root/.vscode/extensions/ms-python.python-2024.14.1-linux-x64/out/client/extension.js:2:2091911)
	at Object._0x30e69b [as sendRequest] (/root/.vscode/extensions/ms-python.vscode-pylance-2024.9.1/dist/extension.bundle.js:1:153560)
	at _0x18f5f4.getConfigInfo (/root/.vscode/extensions/ms-python.vscode-pylance-2024.9.1/dist/extension.bundle.js:1:278617)
	at _0xbcc266.updateStatusItem (/root/.vscode/extensions/ms-python.vscode-pylance-2024.9.1/dist/extension.bundle.js:1:289680)
	at p (/root/.vscode/extensions/ms-python.vscode-pylance-2024.9.1/dist/vendor.bundle.js:2:1792722)
	at E (/root/.vscode/extensions/ms-python.vscode-pylance-2024.9.1/dist/vendor.bundle.js:2:1792929)
	at Timeout.I [as _onTimeout] (/root/.vscode/extensions/ms-python.vscode-pylance-2024.9.1/dist/vendor.bundle.js:2:1792831)
	at listOnTimeout (node:internal/timers:573:17)
	at process.processTimers (node:internal/timers:514:7)
2024-09-15 21:13:06.660 [error] Error: LanguageStatusItem with id 'python.analysis.typeCheckingMode' ALREADY exists
	at c.createLanguageStatusItem (/snap/code/169/usr/share/code/resources/app/out/vs/workbench/api/node/extensionHostProcess.js:161:163942)
	at Object.createLanguageStatusItem (/snap/code/169/usr/share/code/resources/app/out/vs/workbench/api/node/extensionHostProcess.js:171:38483)
	at _0xbcc266.createStatusItem (/root/.vscode/extensions/ms-python.vscode-pylance-2024.9.1/dist/extension.bundle.js:1:276048)
	at _0xbcc266.updateStatusItem (/root/.vscode/extensions/ms-python.vscode-pylance-2024.9.1/dist/extension.bundle.js:1:289607)
	at p (/root/.vscode/extensions/ms-python.vscode-pylance-2024.9.1/dist/vendor.bundle.js:2:1792722)
	at E (/root/.vscode/extensions/ms-python.vscode-pylance-2024.9.1/dist/vendor.bundle.js:2:1792929)
	at Timeout.I [as _onTimeout] (/root/.vscode/extensions/ms-python.vscode-pylance-2024.9.1/dist/vendor.bundle.js:2:1792831)
	at listOnTimeout (node:internal/timers:573:17)
	at process.processTimers (node:internal/timers:514:7)
2024-09-15 21:13:07.661 [error] Error: Client is not running
	at P.sendRequest (/root/.vscode/extensions/ms-python.python-2024.14.1-linux-x64/out/client/extension.js:2:2091911)
	at Object._0x30e69b [as sendRequest] (/root/.vscode/extensions/ms-python.vscode-pylance-2024.9.1/dist/extension.bundle.js:1:153560)
	at _0x18f5f4.getConfigInfo (/root/.vscode/extensions/ms-python.vscode-pylance-2024.9.1/dist/extension.bundle.js:1:278617)
	at _0xbcc266.updateStatusItem (/root/.vscode/extensions/ms-python.vscode-pylance-2024.9.1/dist/extension.bundle.js:1:289680)
	at p (/root/.vscode/extensions/ms-python.vscode-pylance-2024.9.1/dist/vendor.bundle.js:2:1792722)
	at E (/root/.vscode/extensions/ms-python.vscode-pylance-2024.9.1/dist/vendor.bundle.js:2:1792929)
	at Timeout.I [as _onTimeout] (/root/.vscode/extensions/ms-python.vscode-pylance-2024.9.1/dist/vendor.bundle.js:2:1792831)
	at listOnTimeout (node:internal/timers:573:17)
	at process.processTimers (node:internal/timers:514:7)
2024-09-15 21:18:02.617 [error] Error: LanguageStatusItem with id 'python.analysis.typeCheckingMode' ALREADY exists
	at c.createLanguageStatusItem (/snap/code/169/usr/share/code/resources/app/out/vs/workbench/api/node/extensionHostProcess.js:161:163942)
	at Object.createLanguageStatusItem (/snap/code/169/usr/share/code/resources/app/out/vs/workbench/api/node/extensionHostProcess.js:171:38483)
	at _0xbcc266.createStatusItem (/root/.vscode/extensions/ms-python.vscode-pylance-2024.9.1/dist/extension.bundle.js:1:276048)
	at _0xbcc266.updateStatusItem (/root/.vscode/extensions/ms-python.vscode-pylance-2024.9.1/dist/extension.bundle.js:1:289607)
	at p (/root/.vscode/extensions/ms-python.vscode-pylance-2024.9.1/dist/vendor.bundle.js:2:1792722)
	at E (/root/.vscode/extensions/ms-python.vscode-pylance-2024.9.1/dist/vendor.bundle.js:2:1792929)
	at Timeout.I [as _onTimeout] (/root/.vscode/extensions/ms-python.vscode-pylance-2024.9.1/dist/vendor.bundle.js:2:1792831)
	at listOnTimeout (node:internal/timers:573:17)
	at process.processTimers (node:internal/timers:514:7)
2024-09-15 21:18:03.618 [error] Error: Client is not running
	at P.sendRequest (/root/.vscode/extensions/ms-python.python-2024.14.1-linux-x64/out/client/extension.js:2:2091911)
	at Object._0x30e69b [as sendRequest] (/root/.vscode/extensions/ms-python.vscode-pylance-2024.9.1/dist/extension.bundle.js:1:153560)
	at _0x18f5f4.getConfigInfo (/root/.vscode/extensions/ms-python.vscode-pylance-2024.9.1/dist/extension.bundle.js:1:278617)
	at _0xbcc266.updateStatusItem (/root/.vscode/extensions/ms-python.vscode-pylance-2024.9.1/dist/extension.bundle.js:1:289680)
	at p (/root/.vscode/extensions/ms-python.vscode-pylance-2024.9.1/dist/vendor.bundle.js:2:1792722)
	at E (/root/.vscode/extensions/ms-python.vscode-pylance-2024.9.1/dist/vendor.bundle.js:2:1792929)
	at Timeout.I [as _onTimeout] (/root/.vscode/extensions/ms-python.vscode-pylance-2024.9.1/dist/vendor.bundle.js:2:1792831)
	at listOnTimeout (node:internal/timers:573:17)
	at process.processTimers (node:internal/timers:514:7)
2024-09-15 21:38:24.659 [error] Error: LanguageStatusItem with id 'python.analysis.typeCheckingMode' ALREADY exists
	at c.createLanguageStatusItem (/snap/code/169/usr/share/code/resources/app/out/vs/workbench/api/node/extensionHostProcess.js:161:163942)
	at Object.createLanguageStatusItem (/snap/code/169/usr/share/code/resources/app/out/vs/workbench/api/node/extensionHostProcess.js:171:38483)
	at _0xbcc266.createStatusItem (/root/.vscode/extensions/ms-python.vscode-pylance-2024.9.1/dist/extension.bundle.js:1:276048)
	at _0xbcc266.updateStatusItem (/root/.vscode/extensions/ms-python.vscode-pylance-2024.9.1/dist/extension.bundle.js:1:289607)
	at p (/root/.vscode/extensions/ms-python.vscode-pylance-2024.9.1/dist/vendor.bundle.js:2:1792722)
	at E (/root/.vscode/extensions/ms-python.vscode-pylance-2024.9.1/dist/vendor.bundle.js:2:1792929)
	at Timeout.I [as _onTimeout] (/root/.vscode/extensions/ms-python.vscode-pylance-2024.9.1/dist/vendor.bundle.js:2:1792831)
	at listOnTimeout (node:internal/timers:573:17)
	at process.processTimers (node:internal/timers:514:7)
2024-09-15 21:38:25.661 [error] Error: Client is not running
	at P.sendRequest (/root/.vscode/extensions/ms-python.python-2024.14.1-linux-x64/out/client/extension.js:2:2091911)
	at Object._0x30e69b [as sendRequest] (/root/.vscode/extensions/ms-python.vscode-pylance-2024.9.1/dist/extension.bundle.js:1:153560)
	at _0x18f5f4.getConfigInfo (/root/.vscode/extensions/ms-python.vscode-pylance-2024.9.1/dist/extension.bundle.js:1:278617)
	at _0xbcc266.updateStatusItem (/root/.vscode/extensions/ms-python.vscode-pylance-2024.9.1/dist/extension.bundle.js:1:289680)
	at p (/root/.vscode/extensions/ms-python.vscode-pylance-2024.9.1/dist/vendor.bundle.js:2:1792722)
	at E (/root/.vscode/extensions/ms-python.vscode-pylance-2024.9.1/dist/vendor.bundle.js:2:1792929)
	at Timeout.I [as _onTimeout] (/root/.vscode/extensions/ms-python.vscode-pylance-2024.9.1/dist/vendor.bundle.js:2:1792831)
	at listOnTimeout (node:internal/timers:573:17)
	at process.processTimers (node:internal/timers:514:7)
2024-09-15 21:39:19.877 [error] Error: LanguageStatusItem with id 'python.analysis.typeCheckingMode' ALREADY exists
	at c.createLanguageStatusItem (/snap/code/169/usr/share/code/resources/app/out/vs/workbench/api/node/extensionHostProcess.js:161:163942)
	at Object.createLanguageStatusItem (/snap/code/169/usr/share/code/resources/app/out/vs/workbench/api/node/extensionHostProcess.js:171:38483)
	at _0xbcc266.createStatusItem (/root/.vscode/extensions/ms-python.vscode-pylance-2024.9.1/dist/extension.bundle.js:1:276048)
	at _0xbcc266.updateStatusItem (/root/.vscode/extensions/ms-python.vscode-pylance-2024.9.1/dist/extension.bundle.js:1:289607)
	at p (/root/.vscode/extensions/ms-python.vscode-pylance-2024.9.1/dist/vendor.bundle.js:2:1792722)
	at E (/root/.vscode/extensions/ms-python.vscode-pylance-2024.9.1/dist/vendor.bundle.js:2:1792929)
	at Timeout.I [as _onTimeout] (/root/.vscode/extensions/ms-python.vscode-pylance-2024.9.1/dist/vendor.bundle.js:2:1792831)
	at listOnTimeout (node:internal/timers:573:17)
	at process.processTimers (node:internal/timers:514:7)
2024-09-15 21:39:20.877 [error] Error: Client is not running
	at P.sendRequest (/root/.vscode/extensions/ms-python.python-2024.14.1-linux-x64/out/client/extension.js:2:2091911)
	at Object._0x30e69b [as sendRequest] (/root/.vscode/extensions/ms-python.vscode-pylance-2024.9.1/dist/extension.bundle.js:1:153560)
	at _0x18f5f4.getConfigInfo (/root/.vscode/extensions/ms-python.vscode-pylance-2024.9.1/dist/extension.bundle.js:1:278617)
	at _0xbcc266.updateStatusItem (/root/.vscode/extensions/ms-python.vscode-pylance-2024.9.1/dist/extension.bundle.js:1:289680)
	at p (/root/.vscode/extensions/ms-python.vscode-pylance-2024.9.1/dist/vendor.bundle.js:2:1792722)
	at E (/root/.vscode/extensions/ms-python.vscode-pylance-2024.9.1/dist/vendor.bundle.js:2:1792929)
	at Timeout.I [as _onTimeout] (/root/.vscode/extensions/ms-python.vscode-pylance-2024.9.1/dist/vendor.bundle.js:2:1792831)
	at listOnTimeout (node:internal/timers:573:17)
	at process.processTimers (node:internal/timers:514:7)
2024-09-15 21:40:43.736 [error] Error: LanguageStatusItem with id 'python.analysis.typeCheckingMode' ALREADY exists
	at c.createLanguageStatusItem (/snap/code/169/usr/share/code/resources/app/out/vs/workbench/api/node/extensionHostProcess.js:161:163942)
	at Object.createLanguageStatusItem (/snap/code/169/usr/share/code/resources/app/out/vs/workbench/api/node/extensionHostProcess.js:171:38483)
	at _0xbcc266.createStatusItem (/root/.vscode/extensions/ms-python.vscode-pylance-2024.9.1/dist/extension.bundle.js:1:276048)
	at _0xbcc266.updateStatusItem (/root/.vscode/extensions/ms-python.vscode-pylance-2024.9.1/dist/extension.bundle.js:1:289607)
	at p (/root/.vscode/extensions/ms-python.vscode-pylance-2024.9.1/dist/vendor.bundle.js:2:1792722)
	at E (/root/.vscode/extensions/ms-python.vscode-pylance-2024.9.1/dist/vendor.bundle.js:2:1792929)
	at Timeout.I [as _onTimeout] (/root/.vscode/extensions/ms-python.vscode-pylance-2024.9.1/dist/vendor.bundle.js:2:1792831)
	at listOnTimeout (node:internal/timers:573:17)
	at process.processTimers (node:internal/timers:514:7)
2024-09-15 21:40:44.737 [error] Error: Client is not running
	at P.sendRequest (/root/.vscode/extensions/ms-python.python-2024.14.1-linux-x64/out/client/extension.js:2:2091911)
	at Object._0x30e69b [as sendRequest] (/root/.vscode/extensions/ms-python.vscode-pylance-2024.9.1/dist/extension.bundle.js:1:153560)
	at _0x18f5f4.getConfigInfo (/root/.vscode/extensions/ms-python.vscode-pylance-2024.9.1/dist/extension.bundle.js:1:278617)
	at _0xbcc266.updateStatusItem (/root/.vscode/extensions/ms-python.vscode-pylance-2024.9.1/dist/extension.bundle.js:1:289680)
	at p (/root/.vscode/extensions/ms-python.vscode-pylance-2024.9.1/dist/vendor.bundle.js:2:1792722)
	at E (/root/.vscode/extensions/ms-python.vscode-pylance-2024.9.1/dist/vendor.bundle.js:2:1792929)
	at Timeout.I [as _onTimeout] (/root/.vscode/extensions/ms-python.vscode-pylance-2024.9.1/dist/vendor.bundle.js:2:1792831)
	at listOnTimeout (node:internal/timers:573:17)
	at process.processTimers (node:internal/timers:514:7)
2024-09-15 21:41:52.011 [error] Error: LanguageStatusItem with id 'python.analysis.typeCheckingMode' ALREADY exists
	at c.createLanguageStatusItem (/snap/code/169/usr/share/code/resources/app/out/vs/workbench/api/node/extensionHostProcess.js:161:163942)
	at Object.createLanguageStatusItem (/snap/code/169/usr/share/code/resources/app/out/vs/workbench/api/node/extensionHostProcess.js:171:38483)
	at _0xbcc266.createStatusItem (/root/.vscode/extensions/ms-python.vscode-pylance-2024.9.1/dist/extension.bundle.js:1:276048)
	at _0xbcc266.updateStatusItem (/root/.vscode/extensions/ms-python.vscode-pylance-2024.9.1/dist/extension.bundle.js:1:289607)
	at p (/root/.vscode/extensions/ms-python.vscode-pylance-2024.9.1/dist/vendor.bundle.js:2:1792722)
	at E (/root/.vscode/extensions/ms-python.vscode-pylance-2024.9.1/dist/vendor.bundle.js:2:1792929)
	at Timeout.I [as _onTimeout] (/root/.vscode/extensions/ms-python.vscode-pylance-2024.9.1/dist/vendor.bundle.js:2:1792831)
	at listOnTimeout (node:internal/timers:573:17)
	at process.processTimers (node:internal/timers:514:7)
2024-09-15 21:41:53.011 [error] Error: Client is not running
	at P.sendRequest (/root/.vscode/extensions/ms-python.python-2024.14.1-linux-x64/out/client/extension.js:2:2091911)
	at Object._0x30e69b [as sendRequest] (/root/.vscode/extensions/ms-python.vscode-pylance-2024.9.1/dist/extension.bundle.js:1:153560)
	at _0x18f5f4.getConfigInfo (/root/.vscode/extensions/ms-python.vscode-pylance-2024.9.1/dist/extension.bundle.js:1:278617)
	at _0xbcc266.updateStatusItem (/root/.vscode/extensions/ms-python.vscode-pylance-2024.9.1/dist/extension.bundle.js:1:289680)
	at p (/root/.vscode/extensions/ms-python.vscode-pylance-2024.9.1/dist/vendor.bundle.js:2:1792722)
	at E (/root/.vscode/extensions/ms-python.vscode-pylance-2024.9.1/dist/vendor.bundle.js:2:1792929)
	at Timeout.I [as _onTimeout] (/root/.vscode/extensions/ms-python.vscode-pylance-2024.9.1/dist/vendor.bundle.js:2:1792831)
	at listOnTimeout (node:internal/timers:573:17)
	at process.processTimers (node:internal/timers:514:7)
2024-09-15 21:42:16.804 [error] Error: LanguageStatusItem with id 'python.analysis.typeCheckingMode' ALREADY exists
	at c.createLanguageStatusItem (/snap/code/169/usr/share/code/resources/app/out/vs/workbench/api/node/extensionHostProcess.js:161:163942)
	at Object.createLanguageStatusItem (/snap/code/169/usr/share/code/resources/app/out/vs/workbench/api/node/extensionHostProcess.js:171:38483)
	at _0xbcc266.createStatusItem (/root/.vscode/extensions/ms-python.vscode-pylance-2024.9.1/dist/extension.bundle.js:1:276048)
	at _0xbcc266.updateStatusItem (/root/.vscode/extensions/ms-python.vscode-pylance-2024.9.1/dist/extension.bundle.js:1:289607)
	at p (/root/.vscode/extensions/ms-python.vscode-pylance-2024.9.1/dist/vendor.bundle.js:2:1792722)
	at E (/root/.vscode/extensions/ms-python.vscode-pylance-2024.9.1/dist/vendor.bundle.js:2:1792929)
	at Timeout.I [as _onTimeout] (/root/.vscode/extensions/ms-python.vscode-pylance-2024.9.1/dist/vendor.bundle.js:2:1792831)
	at listOnTimeout (node:internal/timers:573:17)
	at process.processTimers (node:internal/timers:514:7)
2024-09-15 21:42:17.805 [error] Error: Client is not running
	at P.sendRequest (/root/.vscode/extensions/ms-python.python-2024.14.1-linux-x64/out/client/extension.js:2:2091911)
	at Object._0x30e69b [as sendRequest] (/root/.vscode/extensions/ms-python.vscode-pylance-2024.9.1/dist/extension.bundle.js:1:153560)
	at _0x18f5f4.getConfigInfo (/root/.vscode/extensions/ms-python.vscode-pylance-2024.9.1/dist/extension.bundle.js:1:278617)
	at _0xbcc266.updateStatusItem (/root/.vscode/extensions/ms-python.vscode-pylance-2024.9.1/dist/extension.bundle.js:1:289680)
	at p (/root/.vscode/extensions/ms-python.vscode-pylance-2024.9.1/dist/vendor.bundle.js:2:1792722)
	at E (/root/.vscode/extensions/ms-python.vscode-pylance-2024.9.1/dist/vendor.bundle.js:2:1792929)
	at Timeout.I [as _onTimeout] (/root/.vscode/extensions/ms-python.vscode-pylance-2024.9.1/dist/vendor.bundle.js:2:1792831)
	at listOnTimeout (node:internal/timers:573:17)
	at process.processTimers (node:internal/timers:514:7)
2024-09-15 21:42:56.906 [error] Error: LanguageStatusItem with id 'python.analysis.typeCheckingMode' ALREADY exists
	at c.createLanguageStatusItem (/snap/code/169/usr/share/code/resources/app/out/vs/workbench/api/node/extensionHostProcess.js:161:163942)
	at Object.createLanguageStatusItem (/snap/code/169/usr/share/code/resources/app/out/vs/workbench/api/node/extensionHostProcess.js:171:38483)
	at _0xbcc266.createStatusItem (/root/.vscode/extensions/ms-python.vscode-pylance-2024.9.1/dist/extension.bundle.js:1:276048)
	at _0xbcc266.updateStatusItem (/root/.vscode/extensions/ms-python.vscode-pylance-2024.9.1/dist/extension.bundle.js:1:289607)
	at p (/root/.vscode/extensions/ms-python.vscode-pylance-2024.9.1/dist/vendor.bundle.js:2:1792722)
	at E (/root/.vscode/extensions/ms-python.vscode-pylance-2024.9.1/dist/vendor.bundle.js:2:1792929)
	at Timeout.I [as _onTimeout] (/root/.vscode/extensions/ms-python.vscode-pylance-2024.9.1/dist/vendor.bundle.js:2:1792831)
	at listOnTimeout (node:internal/timers:573:17)
	at process.processTimers (node:internal/timers:514:7)
2024-09-15 21:42:57.907 [error] Error: Client is not running
	at P.sendRequest (/root/.vscode/extensions/ms-python.python-2024.14.1-linux-x64/out/client/extension.js:2:2091911)
	at Object._0x30e69b [as sendRequest] (/root/.vscode/extensions/ms-python.vscode-pylance-2024.9.1/dist/extension.bundle.js:1:153560)
	at _0x18f5f4.getConfigInfo (/root/.vscode/extensions/ms-python.vscode-pylance-2024.9.1/dist/extension.bundle.js:1:278617)
	at _0xbcc266.updateStatusItem (/root/.vscode/extensions/ms-python.vscode-pylance-2024.9.1/dist/extension.bundle.js:1:289680)
	at p (/root/.vscode/extensions/ms-python.vscode-pylance-2024.9.1/dist/vendor.bundle.js:2:1792722)
	at E (/root/.vscode/extensions/ms-python.vscode-pylance-2024.9.1/dist/vendor.bundle.js:2:1792929)
	at Timeout.I [as _onTimeout] (/root/.vscode/extensions/ms-python.vscode-pylance-2024.9.1/dist/vendor.bundle.js:2:1792831)
	at listOnTimeout (node:internal/timers:573:17)
	at process.processTimers (node:internal/timers:514:7)
2024-09-15 22:10:12.944 [error] Error: LanguageStatusItem with id 'python.analysis.typeCheckingMode' ALREADY exists
	at c.createLanguageStatusItem (/snap/code/169/usr/share/code/resources/app/out/vs/workbench/api/node/extensionHostProcess.js:161:163942)
	at Object.createLanguageStatusItem (/snap/code/169/usr/share/code/resources/app/out/vs/workbench/api/node/extensionHostProcess.js:171:38483)
	at _0xbcc266.createStatusItem (/root/.vscode/extensions/ms-python.vscode-pylance-2024.9.1/dist/extension.bundle.js:1:276048)
	at _0xbcc266.updateStatusItem (/root/.vscode/extensions/ms-python.vscode-pylance-2024.9.1/dist/extension.bundle.js:1:289607)
	at p (/root/.vscode/extensions/ms-python.vscode-pylance-2024.9.1/dist/vendor.bundle.js:2:1792722)
	at E (/root/.vscode/extensions/ms-python.vscode-pylance-2024.9.1/dist/vendor.bundle.js:2:1792929)
	at Timeout.I [as _onTimeout] (/root/.vscode/extensions/ms-python.vscode-pylance-2024.9.1/dist/vendor.bundle.js:2:1792831)
	at listOnTimeout (node:internal/timers:573:17)
	at process.processTimers (node:internal/timers:514:7)
2024-09-15 22:10:13.946 [error] Error: Client is not running
	at P.sendRequest (/root/.vscode/extensions/ms-python.python-2024.14.1-linux-x64/out/client/extension.js:2:2091911)
	at Object._0x30e69b [as sendRequest] (/root/.vscode/extensions/ms-python.vscode-pylance-2024.9.1/dist/extension.bundle.js:1:153560)
	at _0x18f5f4.getConfigInfo (/root/.vscode/extensions/ms-python.vscode-pylance-2024.9.1/dist/extension.bundle.js:1:278617)
	at _0xbcc266.updateStatusItem (/root/.vscode/extensions/ms-python.vscode-pylance-2024.9.1/dist/extension.bundle.js:1:289680)
	at p (/root/.vscode/extensions/ms-python.vscode-pylance-2024.9.1/dist/vendor.bundle.js:2:1792722)
	at E (/root/.vscode/extensions/ms-python.vscode-pylance-2024.9.1/dist/vendor.bundle.js:2:1792929)
	at Timeout.I [as _onTimeout] (/root/.vscode/extensions/ms-python.vscode-pylance-2024.9.1/dist/vendor.bundle.js:2:1792831)
	at listOnTimeout (node:internal/timers:573:17)
	at process.processTimers (node:internal/timers:514:7)
2024-09-15 22:19:25.586 [error] Error: LanguageStatusItem with id 'python.analysis.typeCheckingMode' ALREADY exists
	at c.createLanguageStatusItem (/snap/code/169/usr/share/code/resources/app/out/vs/workbench/api/node/extensionHostProcess.js:161:163942)
	at Object.createLanguageStatusItem (/snap/code/169/usr/share/code/resources/app/out/vs/workbench/api/node/extensionHostProcess.js:171:38483)
	at _0xbcc266.createStatusItem (/root/.vscode/extensions/ms-python.vscode-pylance-2024.9.1/dist/extension.bundle.js:1:276048)
	at _0xbcc266.updateStatusItem (/root/.vscode/extensions/ms-python.vscode-pylance-2024.9.1/dist/extension.bundle.js:1:289607)
	at p (/root/.vscode/extensions/ms-python.vscode-pylance-2024.9.1/dist/vendor.bundle.js:2:1792722)
	at E (/root/.vscode/extensions/ms-python.vscode-pylance-2024.9.1/dist/vendor.bundle.js:2:1792929)
	at Timeout.I [as _onTimeout] (/root/.vscode/extensions/ms-python.vscode-pylance-2024.9.1/dist/vendor.bundle.js:2:1792831)
	at listOnTimeout (node:internal/timers:573:17)
	at process.processTimers (node:internal/timers:514:7)
2024-09-15 22:19:26.588 [error] Error: Client is not running
	at P.sendRequest (/root/.vscode/extensions/ms-python.python-2024.14.1-linux-x64/out/client/extension.js:2:2091911)
	at Object._0x30e69b [as sendRequest] (/root/.vscode/extensions/ms-python.vscode-pylance-2024.9.1/dist/extension.bundle.js:1:153560)
	at _0x18f5f4.getConfigInfo (/root/.vscode/extensions/ms-python.vscode-pylance-2024.9.1/dist/extension.bundle.js:1:278617)
	at _0xbcc266.updateStatusItem (/root/.vscode/extensions/ms-python.vscode-pylance-2024.9.1/dist/extension.bundle.js:1:289680)
	at p (/root/.vscode/extensions/ms-python.vscode-pylance-2024.9.1/dist/vendor.bundle.js:2:1792722)
	at E (/root/.vscode/extensions/ms-python.vscode-pylance-2024.9.1/dist/vendor.bundle.js:2:1792929)
	at Timeout.I [as _onTimeout] (/root/.vscode/extensions/ms-python.vscode-pylance-2024.9.1/dist/vendor.bundle.js:2:1792831)
	at listOnTimeout (node:internal/timers:573:17)
	at process.processTimers (node:internal/timers:514:7)
2024-09-15 22:21:24.808 [error] Error: LanguageStatusItem with id 'python.analysis.typeCheckingMode' ALREADY exists
	at c.createLanguageStatusItem (/snap/code/169/usr/share/code/resources/app/out/vs/workbench/api/node/extensionHostProcess.js:161:163942)
	at Object.createLanguageStatusItem (/snap/code/169/usr/share/code/resources/app/out/vs/workbench/api/node/extensionHostProcess.js:171:38483)
	at _0xbcc266.createStatusItem (/root/.vscode/extensions/ms-python.vscode-pylance-2024.9.1/dist/extension.bundle.js:1:276048)
	at _0xbcc266.updateStatusItem (/root/.vscode/extensions/ms-python.vscode-pylance-2024.9.1/dist/extension.bundle.js:1:289607)
	at p (/root/.vscode/extensions/ms-python.vscode-pylance-2024.9.1/dist/vendor.bundle.js:2:1792722)
	at E (/root/.vscode/extensions/ms-python.vscode-pylance-2024.9.1/dist/vendor.bundle.js:2:1792929)
	at Timeout.I [as _onTimeout] (/root/.vscode/extensions/ms-python.vscode-pylance-2024.9.1/dist/vendor.bundle.js:2:1792831)
	at listOnTimeout (node:internal/timers:573:17)
	at process.processTimers (node:internal/timers:514:7)
2024-09-15 22:21:25.809 [error] Error: Client is not running
	at P.sendRequest (/root/.vscode/extensions/ms-python.python-2024.14.1-linux-x64/out/client/extension.js:2:2091911)
	at Object._0x30e69b [as sendRequest] (/root/.vscode/extensions/ms-python.vscode-pylance-2024.9.1/dist/extension.bundle.js:1:153560)
	at _0x18f5f4.getConfigInfo (/root/.vscode/extensions/ms-python.vscode-pylance-2024.9.1/dist/extension.bundle.js:1:278617)
	at _0xbcc266.updateStatusItem (/root/.vscode/extensions/ms-python.vscode-pylance-2024.9.1/dist/extension.bundle.js:1:289680)
	at p (/root/.vscode/extensions/ms-python.vscode-pylance-2024.9.1/dist/vendor.bundle.js:2:1792722)
	at E (/root/.vscode/extensions/ms-python.vscode-pylance-2024.9.1/dist/vendor.bundle.js:2:1792929)
	at Timeout.I [as _onTimeout] (/root/.vscode/extensions/ms-python.vscode-pylance-2024.9.1/dist/vendor.bundle.js:2:1792831)
	at listOnTimeout (node:internal/timers:573:17)
	at process.processTimers (node:internal/timers:514:7)
2024-09-15 22:23:10.656 [error] Error: LanguageStatusItem with id 'python.analysis.typeCheckingMode' ALREADY exists
	at c.createLanguageStatusItem (/snap/code/169/usr/share/code/resources/app/out/vs/workbench/api/node/extensionHostProcess.js:161:163942)
	at Object.createLanguageStatusItem (/snap/code/169/usr/share/code/resources/app/out/vs/workbench/api/node/extensionHostProcess.js:171:38483)
	at _0xbcc266.createStatusItem (/root/.vscode/extensions/ms-python.vscode-pylance-2024.9.1/dist/extension.bundle.js:1:276048)
	at _0xbcc266.updateStatusItem (/root/.vscode/extensions/ms-python.vscode-pylance-2024.9.1/dist/extension.bundle.js:1:289607)
	at p (/root/.vscode/extensions/ms-python.vscode-pylance-2024.9.1/dist/vendor.bundle.js:2:1792722)
	at E (/root/.vscode/extensions/ms-python.vscode-pylance-2024.9.1/dist/vendor.bundle.js:2:1792929)
	at Timeout.I [as _onTimeout] (/root/.vscode/extensions/ms-python.vscode-pylance-2024.9.1/dist/vendor.bundle.js:2:1792831)
	at listOnTimeout (node:internal/timers:573:17)
	at process.processTimers (node:internal/timers:514:7)
2024-09-15 22:23:11.657 [error] Error: Client is not running
	at P.sendRequest (/root/.vscode/extensions/ms-python.python-2024.14.1-linux-x64/out/client/extension.js:2:2091911)
	at Object._0x30e69b [as sendRequest] (/root/.vscode/extensions/ms-python.vscode-pylance-2024.9.1/dist/extension.bundle.js:1:153560)
	at _0x18f5f4.getConfigInfo (/root/.vscode/extensions/ms-python.vscode-pylance-2024.9.1/dist/extension.bundle.js:1:278617)
	at _0xbcc266.updateStatusItem (/root/.vscode/extensions/ms-python.vscode-pylance-2024.9.1/dist/extension.bundle.js:1:289680)
	at p (/root/.vscode/extensions/ms-python.vscode-pylance-2024.9.1/dist/vendor.bundle.js:2:1792722)
	at E (/root/.vscode/extensions/ms-python.vscode-pylance-2024.9.1/dist/vendor.bundle.js:2:1792929)
	at Timeout.I [as _onTimeout] (/root/.vscode/extensions/ms-python.vscode-pylance-2024.9.1/dist/vendor.bundle.js:2:1792831)
	at listOnTimeout (node:internal/timers:573:17)
	at process.processTimers (node:internal/timers:514:7)
2024-09-15 22:23:20.409 [error] Error: LanguageStatusItem with id 'python.analysis.typeCheckingMode' ALREADY exists
	at c.createLanguageStatusItem (/snap/code/169/usr/share/code/resources/app/out/vs/workbench/api/node/extensionHostProcess.js:161:163942)
	at Object.createLanguageStatusItem (/snap/code/169/usr/share/code/resources/app/out/vs/workbench/api/node/extensionHostProcess.js:171:38483)
	at _0xbcc266.createStatusItem (/root/.vscode/extensions/ms-python.vscode-pylance-2024.9.1/dist/extension.bundle.js:1:276048)
	at _0xbcc266.updateStatusItem (/root/.vscode/extensions/ms-python.vscode-pylance-2024.9.1/dist/extension.bundle.js:1:289607)
	at p (/root/.vscode/extensions/ms-python.vscode-pylance-2024.9.1/dist/vendor.bundle.js:2:1792722)
	at E (/root/.vscode/extensions/ms-python.vscode-pylance-2024.9.1/dist/vendor.bundle.js:2:1792929)
	at Timeout.I [as _onTimeout] (/root/.vscode/extensions/ms-python.vscode-pylance-2024.9.1/dist/vendor.bundle.js:2:1792831)
	at listOnTimeout (node:internal/timers:573:17)
	at process.processTimers (node:internal/timers:514:7)
2024-09-15 22:23:21.410 [error] Error: Client is not running
	at P.sendRequest (/root/.vscode/extensions/ms-python.python-2024.14.1-linux-x64/out/client/extension.js:2:2091911)
	at Object._0x30e69b [as sendRequest] (/root/.vscode/extensions/ms-python.vscode-pylance-2024.9.1/dist/extension.bundle.js:1:153560)
	at _0x18f5f4.getConfigInfo (/root/.vscode/extensions/ms-python.vscode-pylance-2024.9.1/dist/extension.bundle.js:1:278617)
	at _0xbcc266.updateStatusItem (/root/.vscode/extensions/ms-python.vscode-pylance-2024.9.1/dist/extension.bundle.js:1:289680)
	at p (/root/.vscode/extensions/ms-python.vscode-pylance-2024.9.1/dist/vendor.bundle.js:2:1792722)
	at E (/root/.vscode/extensions/ms-python.vscode-pylance-2024.9.1/dist/vendor.bundle.js:2:1792929)
	at Timeout.I [as _onTimeout] (/root/.vscode/extensions/ms-python.vscode-pylance-2024.9.1/dist/vendor.bundle.js:2:1792831)
	at listOnTimeout (node:internal/timers:573:17)
	at process.processTimers (node:internal/timers:514:7)
2024-09-15 22:24:34.437 [error] Error: LanguageStatusItem with id 'python.analysis.typeCheckingMode' ALREADY exists
	at c.createLanguageStatusItem (/snap/code/169/usr/share/code/resources/app/out/vs/workbench/api/node/extensionHostProcess.js:161:163942)
	at Object.createLanguageStatusItem (/snap/code/169/usr/share/code/resources/app/out/vs/workbench/api/node/extensionHostProcess.js:171:38483)
	at _0xbcc266.createStatusItem (/root/.vscode/extensions/ms-python.vscode-pylance-2024.9.1/dist/extension.bundle.js:1:276048)
	at _0xbcc266.updateStatusItem (/root/.vscode/extensions/ms-python.vscode-pylance-2024.9.1/dist/extension.bundle.js:1:289607)
	at p (/root/.vscode/extensions/ms-python.vscode-pylance-2024.9.1/dist/vendor.bundle.js:2:1792722)
	at E (/root/.vscode/extensions/ms-python.vscode-pylance-2024.9.1/dist/vendor.bundle.js:2:1792929)
	at Timeout.I [as _onTimeout] (/root/.vscode/extensions/ms-python.vscode-pylance-2024.9.1/dist/vendor.bundle.js:2:1792831)
	at listOnTimeout (node:internal/timers:573:17)
	at process.processTimers (node:internal/timers:514:7)
2024-09-15 22:24:35.438 [error] Error: Client is not running
	at P.sendRequest (/root/.vscode/extensions/ms-python.python-2024.14.1-linux-x64/out/client/extension.js:2:2091911)
	at Object._0x30e69b [as sendRequest] (/root/.vscode/extensions/ms-python.vscode-pylance-2024.9.1/dist/extension.bundle.js:1:153560)
	at _0x18f5f4.getConfigInfo (/root/.vscode/extensions/ms-python.vscode-pylance-2024.9.1/dist/extension.bundle.js:1:278617)
	at _0xbcc266.updateStatusItem (/root/.vscode/extensions/ms-python.vscode-pylance-2024.9.1/dist/extension.bundle.js:1:289680)
	at p (/root/.vscode/extensions/ms-python.vscode-pylance-2024.9.1/dist/vendor.bundle.js:2:1792722)
	at E (/root/.vscode/extensions/ms-python.vscode-pylance-2024.9.1/dist/vendor.bundle.js:2:1792929)
	at Timeout.I [as _onTimeout] (/root/.vscode/extensions/ms-python.vscode-pylance-2024.9.1/dist/vendor.bundle.js:2:1792831)
	at listOnTimeout (node:internal/timers:573:17)
	at process.processTimers (node:internal/timers:514:7)
2024-09-15 22:29:19.171 [error] Error: LanguageStatusItem with id 'python.analysis.typeCheckingMode' ALREADY exists
	at c.createLanguageStatusItem (/snap/code/169/usr/share/code/resources/app/out/vs/workbench/api/node/extensionHostProcess.js:161:163942)
	at Object.createLanguageStatusItem (/snap/code/169/usr/share/code/resources/app/out/vs/workbench/api/node/extensionHostProcess.js:171:38483)
	at _0xbcc266.createStatusItem (/root/.vscode/extensions/ms-python.vscode-pylance-2024.9.1/dist/extension.bundle.js:1:276048)
	at _0xbcc266.updateStatusItem (/root/.vscode/extensions/ms-python.vscode-pylance-2024.9.1/dist/extension.bundle.js:1:289607)
	at p (/root/.vscode/extensions/ms-python.vscode-pylance-2024.9.1/dist/vendor.bundle.js:2:1792722)
	at E (/root/.vscode/extensions/ms-python.vscode-pylance-2024.9.1/dist/vendor.bundle.js:2:1792929)
	at Timeout.I [as _onTimeout] (/root/.vscode/extensions/ms-python.vscode-pylance-2024.9.1/dist/vendor.bundle.js:2:1792831)
	at listOnTimeout (node:internal/timers:573:17)
	at process.processTimers (node:internal/timers:514:7)
2024-09-15 22:29:20.172 [error] Error: Client is not running
	at P.sendRequest (/root/.vscode/extensions/ms-python.python-2024.14.1-linux-x64/out/client/extension.js:2:2091911)
	at Object._0x30e69b [as sendRequest] (/root/.vscode/extensions/ms-python.vscode-pylance-2024.9.1/dist/extension.bundle.js:1:153560)
	at _0x18f5f4.getConfigInfo (/root/.vscode/extensions/ms-python.vscode-pylance-2024.9.1/dist/extension.bundle.js:1:278617)
	at _0xbcc266.updateStatusItem (/root/.vscode/extensions/ms-python.vscode-pylance-2024.9.1/dist/extension.bundle.js:1:289680)
	at p (/root/.vscode/extensions/ms-python.vscode-pylance-2024.9.1/dist/vendor.bundle.js:2:1792722)
	at E (/root/.vscode/extensions/ms-python.vscode-pylance-2024.9.1/dist/vendor.bundle.js:2:1792929)
	at Timeout.I [as _onTimeout] (/root/.vscode/extensions/ms-python.vscode-pylance-2024.9.1/dist/vendor.bundle.js:2:1792831)
	at listOnTimeout (node:internal/timers:573:17)
	at process.processTimers (node:internal/timers:514:7)
2024-09-15 22:30:53.272 [error] Error: LanguageStatusItem with id 'python.analysis.typeCheckingMode' ALREADY exists
	at c.createLanguageStatusItem (/snap/code/169/usr/share/code/resources/app/out/vs/workbench/api/node/extensionHostProcess.js:161:163942)
	at Object.createLanguageStatusItem (/snap/code/169/usr/share/code/resources/app/out/vs/workbench/api/node/extensionHostProcess.js:171:38483)
	at _0xbcc266.createStatusItem (/root/.vscode/extensions/ms-python.vscode-pylance-2024.9.1/dist/extension.bundle.js:1:276048)
	at _0xbcc266.updateStatusItem (/root/.vscode/extensions/ms-python.vscode-pylance-2024.9.1/dist/extension.bundle.js:1:289607)
	at p (/root/.vscode/extensions/ms-python.vscode-pylance-2024.9.1/dist/vendor.bundle.js:2:1792722)
	at E (/root/.vscode/extensions/ms-python.vscode-pylance-2024.9.1/dist/vendor.bundle.js:2:1792929)
	at Timeout.I [as _onTimeout] (/root/.vscode/extensions/ms-python.vscode-pylance-2024.9.1/dist/vendor.bundle.js:2:1792831)
	at listOnTimeout (node:internal/timers:573:17)
	at process.processTimers (node:internal/timers:514:7)
2024-09-15 22:30:54.272 [error] Error: Client is not running
	at P.sendRequest (/root/.vscode/extensions/ms-python.python-2024.14.1-linux-x64/out/client/extension.js:2:2091911)
	at Object._0x30e69b [as sendRequest] (/root/.vscode/extensions/ms-python.vscode-pylance-2024.9.1/dist/extension.bundle.js:1:153560)
	at _0x18f5f4.getConfigInfo (/root/.vscode/extensions/ms-python.vscode-pylance-2024.9.1/dist/extension.bundle.js:1:278617)
	at _0xbcc266.updateStatusItem (/root/.vscode/extensions/ms-python.vscode-pylance-2024.9.1/dist/extension.bundle.js:1:289680)
	at p (/root/.vscode/extensions/ms-python.vscode-pylance-2024.9.1/dist/vendor.bundle.js:2:1792722)
	at E (/root/.vscode/extensions/ms-python.vscode-pylance-2024.9.1/dist/vendor.bundle.js:2:1792929)
	at Timeout.I [as _onTimeout] (/root/.vscode/extensions/ms-python.vscode-pylance-2024.9.1/dist/vendor.bundle.js:2:1792831)
	at listOnTimeout (node:internal/timers:573:17)
	at process.processTimers (node:internal/timers:514:7)
2024-09-15 23:03:49.294 [error] Error: LanguageStatusItem with id 'python.analysis.typeCheckingMode' ALREADY exists
	at c.createLanguageStatusItem (/snap/code/169/usr/share/code/resources/app/out/vs/workbench/api/node/extensionHostProcess.js:161:163942)
	at Object.createLanguageStatusItem (/snap/code/169/usr/share/code/resources/app/out/vs/workbench/api/node/extensionHostProcess.js:171:38483)
	at _0xbcc266.createStatusItem (/root/.vscode/extensions/ms-python.vscode-pylance-2024.9.1/dist/extension.bundle.js:1:276048)
	at _0xbcc266.updateStatusItem (/root/.vscode/extensions/ms-python.vscode-pylance-2024.9.1/dist/extension.bundle.js:1:289607)
	at p (/root/.vscode/extensions/ms-python.vscode-pylance-2024.9.1/dist/vendor.bundle.js:2:1792722)
	at E (/root/.vscode/extensions/ms-python.vscode-pylance-2024.9.1/dist/vendor.bundle.js:2:1792929)
	at Timeout.I [as _onTimeout] (/root/.vscode/extensions/ms-python.vscode-pylance-2024.9.1/dist/vendor.bundle.js:2:1792831)
	at listOnTimeout (node:internal/timers:573:17)
	at process.processTimers (node:internal/timers:514:7)
2024-09-15 23:03:50.295 [error] Error: Client is not running
	at P.sendRequest (/root/.vscode/extensions/ms-python.python-2024.14.1-linux-x64/out/client/extension.js:2:2091911)
	at Object._0x30e69b [as sendRequest] (/root/.vscode/extensions/ms-python.vscode-pylance-2024.9.1/dist/extension.bundle.js:1:153560)
	at _0x18f5f4.getConfigInfo (/root/.vscode/extensions/ms-python.vscode-pylance-2024.9.1/dist/extension.bundle.js:1:278617)
	at _0xbcc266.updateStatusItem (/root/.vscode/extensions/ms-python.vscode-pylance-2024.9.1/dist/extension.bundle.js:1:289680)
	at p (/root/.vscode/extensions/ms-python.vscode-pylance-2024.9.1/dist/vendor.bundle.js:2:1792722)
	at E (/root/.vscode/extensions/ms-python.vscode-pylance-2024.9.1/dist/vendor.bundle.js:2:1792929)
	at Timeout.I [as _onTimeout] (/root/.vscode/extensions/ms-python.vscode-pylance-2024.9.1/dist/vendor.bundle.js:2:1792831)
	at listOnTimeout (node:internal/timers:573:17)
	at process.processTimers (node:internal/timers:514:7)
2024-09-15 23:06:06.930 [error] Error: LanguageStatusItem with id 'python.analysis.typeCheckingMode' ALREADY exists
	at c.createLanguageStatusItem (/snap/code/169/usr/share/code/resources/app/out/vs/workbench/api/node/extensionHostProcess.js:161:163942)
	at Object.createLanguageStatusItem (/snap/code/169/usr/share/code/resources/app/out/vs/workbench/api/node/extensionHostProcess.js:171:38483)
	at _0xbcc266.createStatusItem (/root/.vscode/extensions/ms-python.vscode-pylance-2024.9.1/dist/extension.bundle.js:1:276048)
	at _0xbcc266.updateStatusItem (/root/.vscode/extensions/ms-python.vscode-pylance-2024.9.1/dist/extension.bundle.js:1:289607)
	at p (/root/.vscode/extensions/ms-python.vscode-pylance-2024.9.1/dist/vendor.bundle.js:2:1792722)
	at E (/root/.vscode/extensions/ms-python.vscode-pylance-2024.9.1/dist/vendor.bundle.js:2:1792929)
	at Timeout.I [as _onTimeout] (/root/.vscode/extensions/ms-python.vscode-pylance-2024.9.1/dist/vendor.bundle.js:2:1792831)
	at listOnTimeout (node:internal/timers:573:17)
	at process.processTimers (node:internal/timers:514:7)
2024-09-15 23:06:07.932 [error] Error: Client is not running
	at P.sendRequest (/root/.vscode/extensions/ms-python.python-2024.14.1-linux-x64/out/client/extension.js:2:2091911)
	at Object._0x30e69b [as sendRequest] (/root/.vscode/extensions/ms-python.vscode-pylance-2024.9.1/dist/extension.bundle.js:1:153560)
	at _0x18f5f4.getConfigInfo (/root/.vscode/extensions/ms-python.vscode-pylance-2024.9.1/dist/extension.bundle.js:1:278617)
	at _0xbcc266.updateStatusItem (/root/.vscode/extensions/ms-python.vscode-pylance-2024.9.1/dist/extension.bundle.js:1:289680)
	at p (/root/.vscode/extensions/ms-python.vscode-pylance-2024.9.1/dist/vendor.bundle.js:2:1792722)
	at E (/root/.vscode/extensions/ms-python.vscode-pylance-2024.9.1/dist/vendor.bundle.js:2:1792929)
	at Timeout.I [as _onTimeout] (/root/.vscode/extensions/ms-python.vscode-pylance-2024.9.1/dist/vendor.bundle.js:2:1792831)
	at listOnTimeout (node:internal/timers:573:17)
	at process.processTimers (node:internal/timers:514:7)
2024-09-15 23:06:57.103 [error] Error: LanguageStatusItem with id 'python.analysis.typeCheckingMode' ALREADY exists
	at c.createLanguageStatusItem (/snap/code/169/usr/share/code/resources/app/out/vs/workbench/api/node/extensionHostProcess.js:161:163942)
	at Object.createLanguageStatusItem (/snap/code/169/usr/share/code/resources/app/out/vs/workbench/api/node/extensionHostProcess.js:171:38483)
	at _0xbcc266.createStatusItem (/root/.vscode/extensions/ms-python.vscode-pylance-2024.9.1/dist/extension.bundle.js:1:276048)
	at _0xbcc266.updateStatusItem (/root/.vscode/extensions/ms-python.vscode-pylance-2024.9.1/dist/extension.bundle.js:1:289607)
	at p (/root/.vscode/extensions/ms-python.vscode-pylance-2024.9.1/dist/vendor.bundle.js:2:1792722)
	at E (/root/.vscode/extensions/ms-python.vscode-pylance-2024.9.1/dist/vendor.bundle.js:2:1792929)
	at Timeout.I [as _onTimeout] (/root/.vscode/extensions/ms-python.vscode-pylance-2024.9.1/dist/vendor.bundle.js:2:1792831)
	at listOnTimeout (node:internal/timers:573:17)
	at process.processTimers (node:internal/timers:514:7)
2024-09-15 23:06:58.105 [error] Error: Client is not running
	at P.sendRequest (/root/.vscode/extensions/ms-python.python-2024.14.1-linux-x64/out/client/extension.js:2:2091911)
	at Object._0x30e69b [as sendRequest] (/root/.vscode/extensions/ms-python.vscode-pylance-2024.9.1/dist/extension.bundle.js:1:153560)
	at _0x18f5f4.getConfigInfo (/root/.vscode/extensions/ms-python.vscode-pylance-2024.9.1/dist/extension.bundle.js:1:278617)
	at _0xbcc266.updateStatusItem (/root/.vscode/extensions/ms-python.vscode-pylance-2024.9.1/dist/extension.bundle.js:1:289680)
	at p (/root/.vscode/extensions/ms-python.vscode-pylance-2024.9.1/dist/vendor.bundle.js:2:1792722)
	at E (/root/.vscode/extensions/ms-python.vscode-pylance-2024.9.1/dist/vendor.bundle.js:2:1792929)
	at Timeout.I [as _onTimeout] (/root/.vscode/extensions/ms-python.vscode-pylance-2024.9.1/dist/vendor.bundle.js:2:1792831)
	at listOnTimeout (node:internal/timers:573:17)
	at process.processTimers (node:internal/timers:514:7)
